<?xml version="1.0" encoding="UTF-8"?>
<!-- Generated by org.testng.reporters.JUnitReportReporter -->
<testsuite hostname="DESKTOP-FUGQNF4" failures="0" tests="1" name="testprogram.logintest11" time="0.764" errors="0" timestamp="2023-02-10T11:47:22 GMT-05:00" skipped="0">
  <testcase classname="testprogram.logintest11" name="Verifylogin" time="0.764"/>
  <system-out/>
</testsuite> <!-- testprogram.logintest11 -->
